<?xml version="1.0" encoding="UTF-8"?>
<testng-results skipped="0" failed="1" ignored="0" total="5" passed="4">
  <reporter-output>
  </reporter-output>
  <suite name="Default suite" duration-ms="7596" started-at="2023-06-13T17:03:50 EDT" finished-at="2023-06-13T17:03:58 EDT">
    <groups>
    </groups>
    <test name="Default test" duration-ms="7596" started-at="2023-06-13T17:03:50 EDT" finished-at="2023-06-13T17:03:58 EDT">
      <class name="com.spotify.test.PlayListTest">
        <test-method status="PASS" signature="ExpiredToken()[pri:0, instance:com.spotify.test.PlayListTest@5af5def9]" name="ExpiredToken" duration-ms="4182" started-at="2023-06-13T17:03:50 EDT" finished-at="2023-06-13T17:03:54 EDT">
          <reporter-output>
          </reporter-output>
        </test-method> <!-- ExpiredToken -->
        <test-method status="PASS" signature="GetPlayList()[pri:0, instance:com.spotify.test.PlayListTest@5af5def9]" name="GetPlayList" duration-ms="2072" started-at="2023-06-13T17:03:54 EDT" finished-at="2023-06-13T17:03:56 EDT">
          <reporter-output>
          </reporter-output>
        </test-method> <!-- GetPlayList -->
        <test-method status="PASS" signature="UpdatePlayList()[pri:0, instance:com.spotify.test.PlayListTest@5af5def9]" name="UpdatePlayList" duration-ms="345" started-at="2023-06-13T17:03:56 EDT" finished-at="2023-06-13T17:03:57 EDT">
          <reporter-output>
          </reporter-output>
        </test-method> <!-- UpdatePlayList -->
        <test-method status="FAIL" signature="createAPlayList()[pri:0, instance:com.spotify.test.PlayListTest@5af5def9]" name="createAPlayList" duration-ms="561" started-at="2023-06-13T17:03:57 EDT" finished-at="2023-06-13T17:03:57 EDT">
          <exception class="java.lang.AssertionError">
            <message>
              <![CDATA[
Expected: "PlayList,t2,s-8n,0-bb,-pk0-b27,g0888-fwv-5w5"
     but: was null]]>
            </message>
            <full-stacktrace>
              <![CDATA[java.lang.AssertionError: 
Expected: "PlayList,t2,s-8n,0-bb,-pk0-b27,g0888-fwv-5w5"
     but: was null
at org.hamcrest.MatcherAssert.assertThat(MatcherAssert.java:20)
at org.hamcrest.MatcherAssert.assertThat(MatcherAssert.java:8)
at com.spotify.test.PlayListTest.assertPlayListEqual(PlayListTest.java:44)
at com.spotify.test.PlayListTest.createAPlayList(PlayListTest.java:69)
at sun.reflect.NativeMethodAccessorImpl.invoke0(Native Method)
at sun.reflect.NativeMethodAccessorImpl.invoke(NativeMethodAccessorImpl.java:62)
at sun.reflect.DelegatingMethodAccessorImpl.invoke(DelegatingMethodAccessorImpl.java:43)
at java.lang.reflect.Method.invoke(Method.java:498)
at org.testng.internal.MethodInvocationHelper.invokeMethod(MethodInvocationHelper.java:134)
at org.testng.internal.TestInvoker.invokeMethod(TestInvoker.java:597)
at org.testng.internal.TestInvoker.invokeTestMethod(TestInvoker.java:173)
at org.testng.internal.MethodRunner.runInSequence(MethodRunner.java:46)
at org.testng.internal.TestInvoker$MethodInvocationAgent.invoke(TestInvoker.java:816)
at org.testng.internal.TestInvoker.invokeTestMethods(TestInvoker.java:146)
at org.testng.internal.TestMethodWorker.invokeTestMethods(TestMethodWorker.java:146)
at org.testng.internal.TestMethodWorker.run(TestMethodWorker.java:128)
at java.util.ArrayList.forEach(ArrayList.java:1257)
at org.testng.TestRunner.privateRun(TestRunner.java:766)
at org.testng.TestRunner.run(TestRunner.java:587)
at org.testng.SuiteRunner.runTest(SuiteRunner.java:384)
at org.testng.SuiteRunner.runSequentially(SuiteRunner.java:378)
at org.testng.SuiteRunner.privateRun(SuiteRunner.java:337)
at org.testng.SuiteRunner.run(SuiteRunner.java:286)
at org.testng.SuiteRunnerWorker.runSuite(SuiteRunnerWorker.java:53)
at org.testng.SuiteRunnerWorker.run(SuiteRunnerWorker.java:96)
at org.testng.TestNG.runSuitesSequentially(TestNG.java:1187)
at org.testng.TestNG.runSuitesLocally(TestNG.java:1109)
at org.testng.TestNG.runSuites(TestNG.java:1039)
at org.testng.TestNG.run(TestNG.java:1007)
at org.testng.remote.AbstractRemoteTestNG.run(AbstractRemoteTestNG.java:115)
at org.testng.remote.RemoteTestNG.initAndRun(RemoteTestNG.java:251)
at org.testng.remote.RemoteTestNG.main(RemoteTestNG.java:77)
]]>
            </full-stacktrace>
          </exception> <!-- java.lang.AssertionError -->
          <reporter-output>
          </reporter-output>
        </test-method> <!-- createAPlayList -->
        <test-method status="PASS" signature="withOutName()[pri:0, instance:com.spotify.test.PlayListTest@5af5def9]" name="withOutName" duration-ms="187" started-at="2023-06-13T17:03:57 EDT" finished-at="2023-06-13T17:03:58 EDT">
          <reporter-output>
          </reporter-output>
        </test-method> <!-- withOutName -->
      </class> <!-- com.spotify.test.PlayListTest -->
    </test> <!-- Default test -->
  </suite> <!-- Default suite -->
</testng-results>
